<?xml version="1.0" encoding="UTF-8"?>
<!-- Generated by org.testng.reporters.JUnitReportReporter -->
<testsuite hostname="DESKTOP-ACHINTYA" failures="0" tests="3" name="testCases.TestCase1" time="19.010" errors="0" timestamp="2023-01-24T19:45:53 IST" skipped="0">
  <testcase classname="testCases.TestCase1" name="baseTestSetup" time="5.730"/>
  <system-out/>
  <testcase classname="testCases.TestCase1" name="baseTestSetup" time="5.972"/>
  <system-out/>
  <testcase classname="testCases.TestCase1" name="baseTestSetup" time="7.308"/>
  <system-out/>
</testsuite> <!-- testCases.TestCase1 -->
